app/manifest-merger-release-report.txt
-- Merging decision tree log ---
manifest
ADDED from AndroidManifest.xml:2:1
	xmlns:android
		ADDED from AndroidManifest.xml:2:11
	package
		ADDED from AndroidManifest.xml:3:5
		INJECTED from AndroidManifest.xml:0:0
		INJECTED from AndroidManifest.xml:0:0
	android:versionName
		INJECTED from AndroidManifest.xml:0:0
		INJECTED from AndroidManifest.xml:0:0
	android:versionCode
		INJECTED from AndroidManifest.xml:0:0
		INJECTED from AndroidManifest.xml:0:0
uses-permission#android.permission.INTERNET
ADDED from AndroidManifest.xml:6:5
MERGED from com.twitter.sdk.android:tweet-composer:0.7.2:11:5
MERGED from com.twitter.sdk.android:twitter-core:1.1.0:11:5
MERGED from com.digits.sdk.android:digits:1.0.2:11:5
MERGED from com.twitter.sdk.android:twitter-core:1.1.0:11:5
MERGED from com.twitter.sdk.android:tweet-ui:1.0.2:11:5
MERGED from com.twitter.sdk.android:twitter-core:1.1.0:11:5
MERGED from com.twitter.sdk.android:twitter-core:1.1.0:11:5
MERGED from com.crashlytics.sdk.android:crashlytics:2.1.0:11:5
	android:name
		ADDED from AndroidManifest.xml:6:22
uses-permission#android.permission.ACCESS_NETWORK_STATE
ADDED from AndroidManifest.xml:7:5
	android:name
		ADDED from AndroidManifest.xml:7:22
uses-permission#android.permission.WAKE_LOCK
ADDED from AndroidManifest.xml:8:5
	android:name
		ADDED from AndroidManifest.xml:8:22
uses-permission#android.permission.VIBRATE
ADDED from AndroidManifest.xml:9:5
	android:name
		ADDED from AndroidManifest.xml:9:22
uses-permission#android.permission.RECEIVE_BOOT_COMPLETED
ADDED from AndroidManifest.xml:10:5
	android:name
		ADDED from AndroidManifest.xml:10:22
uses-permission#android.permission.GET_ACCOUNTS
ADDED from AndroidManifest.xml:11:5
	android:name
		ADDED from AndroidManifest.xml:11:22
uses-permission#com.google.android.c2dm.permission.RECEIVE
ADDED from AndroidManifest.xml:12:5
	android:name
		ADDED from AndroidManifest.xml:12:22
permission#com.tba.theboxingapp.permission.C2D_MESSAGE
ADDED from AndroidManifest.xml:14:5
	android:protectionLevel
		ADDED from AndroidManifest.xml:16:9
	android:name
		ADDED from AndroidManifest.xml:15:9
uses-permission#com.tba.theboxingapp.permission.C2D_MESSAGE
ADDED from AndroidManifest.xml:18:5
	android:name
		ADDED from AndroidManifest.xml:18:22
uses-permission#android.permission.WRITE_EXTERNAL_STORAGE
ADDED from AndroidManifest.xml:21:5
	android:name
		ADDED from AndroidManifest.xml:21:22
uses-permission#android.permission.ACCESS_COARSE_LOCATION
ADDED from AndroidManifest.xml:22:5
	android:name
		ADDED from AndroidManifest.xml:22:22
uses-permission#android.permission.ACCESS_FINE_LOCATION
ADDED from AndroidManifest.xml:23:5
	android:name
		ADDED from AndroidManifest.xml:23:22
application
ADDED from AndroidManifest.xml:25:5
MERGED from com.android.support:support-v4:21.0.0:16:5
MERGED from com.android.support:appcompat-v7:20.0.0:17:5
MERGED from com.android.support:support-v4:21.0.0:16:5
MERGED from com.mcxiaoke.volley:library:1.0.6:11:5
MERGED from com.google.android.gms:play-services:6.1.71:16:5
MERGED from com.android.support:support-v4:21.0.0:16:5
MERGED from com.twitter.sdk.android:twitter:1.1.0:11:5
MERGED from com.twitter.sdk.android:tweet-composer:0.7.2:13:5
MERGED from io.fabric.sdk.android:fabric:1.0.2:11:5
MERGED from com.twitter.sdk.android:twitter-core:1.1.0:13:5
MERGED from io.fabric.sdk.android:fabric:1.0.2:11:5
MERGED from com.digits.sdk.android:digits:1.0.2:13:5
MERGED from io.fabric.sdk.android:fabric:1.0.2:11:5
MERGED from com.twitter.sdk.android:twitter-core:1.1.0:13:5
MERGED from io.fabric.sdk.android:fabric:1.0.2:11:5
MERGED from com.twitter.sdk.android:tweet-ui:1.0.2:13:5
MERGED from io.fabric.sdk.android:fabric:1.0.2:11:5
MERGED from com.android.support:support-v4:21.0.0:16:5
MERGED from com.twitter.sdk.android:twitter-core:1.1.0:13:5
MERGED from io.fabric.sdk.android:fabric:1.0.2:11:5
MERGED from io.fabric.sdk.android:fabric:1.0.2:11:5
MERGED from com.twitter.sdk.android:twitter-core:1.1.0:13:5
MERGED from io.fabric.sdk.android:fabric:1.0.2:11:5
MERGED from com.crashlytics.sdk.android:crashlytics:2.1.0:13:5
MERGED from com.crashlytics.sdk.android:beta:1.0.2:11:5
MERGED from io.fabric.sdk.android:fabric:1.0.2:11:5
MERGED from com.crashlytics.sdk.android:answers:1.0.2:11:5
MERGED from io.fabric.sdk.android:fabric:1.0.2:11:5
MERGED from io.fabric.sdk.android:fabric:1.0.2:11:5
	android:label
		ADDED from AndroidManifest.xml:29:9
	android:allowBackup
		ADDED from AndroidManifest.xml:27:9
	android:icon
		ADDED from AndroidManifest.xml:28:9
	android:theme
		ADDED from AndroidManifest.xml:30:9
	android:name
		ADDED from AndroidManifest.xml:26:9
meta-data#com.google.android.gms.version
ADDED from AndroidManifest.xml:31:9
	android:name
		ADDED from AndroidManifest.xml:32:13
	android:value
		ADDED from AndroidManifest.xml:33:13
activity#com.tba.theboxingapp.TBAActivity
ADDED from AndroidManifest.xml:35:9
	android:screenOrientation
		ADDED from AndroidManifest.xml:38:13
	android:label
		ADDED from AndroidManifest.xml:37:13
	android:name
		ADDED from AndroidManifest.xml:36:13
intent-filter#android.intent.action.MAIN+android.intent.category.LAUNCHER
ADDED from AndroidManifest.xml:39:13
action#android.intent.action.MAIN
ADDED from AndroidManifest.xml:40:17
	android:name
		ADDED from AndroidManifest.xml:40:25
category#android.intent.category.LAUNCHER
ADDED from AndroidManifest.xml:42:17
	android:name
		ADDED from AndroidManifest.xml:42:27
service#com.parse.PushService
ADDED from AndroidManifest.xml:46:9
	android:name
		ADDED from AndroidManifest.xml:46:18
receiver#com.parse.ParseBroadcastReceiver
ADDED from AndroidManifest.xml:48:9
	android:name
		ADDED from AndroidManifest.xml:48:19
intent-filter#android.intent.action.BOOT_COMPLETED+android.intent.action.USER_PRESENT
ADDED from AndroidManifest.xml:49:13
action#android.intent.action.BOOT_COMPLETED
ADDED from AndroidManifest.xml:50:17
	android:name
		ADDED from AndroidManifest.xml:50:25
action#android.intent.action.USER_PRESENT
ADDED from AndroidManifest.xml:51:17
	android:name
		ADDED from AndroidManifest.xml:51:25
receiver#com.parse.GcmBroadcastReceiver
ADDED from AndroidManifest.xml:54:9
	android:permission
		ADDED from AndroidManifest.xml:56:13
	android:name
		ADDED from AndroidManifest.xml:55:13
intent-filter#com.google.android.c2dm.intent.RECEIVE+com.google.android.c2dm.intent.REGISTRATION+com.tba.theboxingapp
ADDED from AndroidManifest.xml:57:13
action#com.google.android.c2dm.intent.RECEIVE
ADDED from AndroidManifest.xml:58:17
	android:name
		ADDED from AndroidManifest.xml:58:25
action#com.google.android.c2dm.intent.REGISTRATION
ADDED from AndroidManifest.xml:59:17
	android:name
		ADDED from AndroidManifest.xml:59:25
category#com.tba.theboxingapp
ADDED from AndroidManifest.xml:61:17
	android:name
		ADDED from AndroidManifest.xml:61:27
activity#com.tba.theboxingapp.LoginActivity
ADDED from AndroidManifest.xml:65:9
	android:screenOrientation
		ADDED from AndroidManifest.xml:68:13
	android:label
		ADDED from AndroidManifest.xml:67:13
	android:name
		ADDED from AndroidManifest.xml:66:13
meta-data#com.google.android.maps.v2.API_KEY
ADDED from AndroidManifest.xml:71:9
	android:name
		ADDED from AndroidManifest.xml:72:13
	android:value
		ADDED from AndroidManifest.xml:73:13
activity#com.tba.theboxingapp.AddCommentActivity
ADDED from AndroidManifest.xml:75:9
	android:label
		ADDED from AndroidManifest.xml:77:13
	android:name
		ADDED from AndroidManifest.xml:76:13
meta-data#com.crashlytics.ApiKey
ADDED from AndroidManifest.xml:80:9
	android:name
		ADDED from AndroidManifest.xml:80:20
	android:value
		ADDED from AndroidManifest.xml:80:58
uses-sdk
INJECTED from AndroidManifest.xml:0:0 reason: use-sdk injection requested
MERGED from com.android.support:support-v4:21.0.0:15:5
MERGED from com.android.support:appcompat-v7:20.0.0:16:5
MERGED from com.android.support:support-v4:21.0.0:15:5
MERGED from com.mcxiaoke.volley:library:1.0.6:7:5
MERGED from com.google.android.gms:play-services:6.1.71:15:5
MERGED from com.android.support:support-v4:21.0.0:15:5
MERGED from com.twitter.sdk.android:twitter:1.1.0:7:5
MERGED from com.twitter.sdk.android:tweet-composer:0.7.2:7:5
MERGED from io.fabric.sdk.android:fabric:1.0.2:7:5
MERGED from com.twitter.sdk.android:twitter-core:1.1.0:7:5
MERGED from io.fabric.sdk.android:fabric:1.0.2:7:5
MERGED from com.digits.sdk.android:digits:1.0.2:7:5
MERGED from io.fabric.sdk.android:fabric:1.0.2:7:5
MERGED from com.twitter.sdk.android:twitter-core:1.1.0:7:5
MERGED from io.fabric.sdk.android:fabric:1.0.2:7:5
MERGED from com.twitter.sdk.android:tweet-ui:1.0.2:7:5
MERGED from io.fabric.sdk.android:fabric:1.0.2:7:5
MERGED from com.android.support:support-v4:21.0.0:15:5
MERGED from com.twitter.sdk.android:twitter-core:1.1.0:7:5
MERGED from io.fabric.sdk.android:fabric:1.0.2:7:5
MERGED from io.fabric.sdk.android:fabric:1.0.2:7:5
MERGED from com.twitter.sdk.android:twitter-core:1.1.0:7:5
MERGED from io.fabric.sdk.android:fabric:1.0.2:7:5
MERGED from com.crashlytics.sdk.android:crashlytics:2.1.0:7:5
MERGED from com.crashlytics.sdk.android:beta:1.0.2:7:5
MERGED from io.fabric.sdk.android:fabric:1.0.2:7:5
MERGED from com.crashlytics.sdk.android:answers:1.0.2:7:5
MERGED from io.fabric.sdk.android:fabric:1.0.2:7:5
MERGED from io.fabric.sdk.android:fabric:1.0.2:7:5
	android:targetSdkVersion
		INJECTED from AndroidManifest.xml:0:0
		INJECTED from AndroidManifest.xml:0:0
	android:minSdkVersion
		INJECTED from AndroidManifest.xml:0:0
		INJECTED from AndroidManifest.xml:0:0
activity#com.twitter.sdk.android.core.identity.OAuthActivity
ADDED from com.twitter.sdk.android:twitter-core:1.1.0:14:9
MERGED from com.twitter.sdk.android:twitter-core:1.1.0:14:9
MERGED from com.twitter.sdk.android:twitter-core:1.1.0:14:9
MERGED from com.twitter.sdk.android:twitter-core:1.1.0:14:9
	android:configChanges
		ADDED from com.twitter.sdk.android:twitter-core:1.1.0:16:13
	android:exported
		ADDED from com.twitter.sdk.android:twitter-core:1.1.0:18:13
	android:excludeFromRecents
		ADDED from com.twitter.sdk.android:twitter-core:1.1.0:17:13
	android:name
		ADDED from com.twitter.sdk.android:twitter-core:1.1.0:15:13
activity#com.twitter.sdk.android.core.identity.ShareEmailActivity
ADDED from com.twitter.sdk.android:twitter-core:1.1.0:19:9
MERGED from com.twitter.sdk.android:twitter-core:1.1.0:19:9
MERGED from com.twitter.sdk.android:twitter-core:1.1.0:19:9
MERGED from com.twitter.sdk.android:twitter-core:1.1.0:19:9
	android:label
		ADDED from com.twitter.sdk.android:twitter-core:1.1.0:25:13
	android:icon
		ADDED from com.twitter.sdk.android:twitter-core:1.1.0:24:13
	android:configChanges
		ADDED from com.twitter.sdk.android:twitter-core:1.1.0:21:13
	android:exported
		ADDED from com.twitter.sdk.android:twitter-core:1.1.0:23:13
	android:excludeFromRecents
		ADDED from com.twitter.sdk.android:twitter-core:1.1.0:22:13
	android:name
		ADDED from com.twitter.sdk.android:twitter-core:1.1.0:20:13
activity#com.digits.sdk.android.PhoneNumberActivity
ADDED from com.digits.sdk.android:digits:1.0.2:14:9
	android:windowSoftInputMode
		ADDED from com.digits.sdk.android:digits:1.0.2:21:13
	android:configChanges
		ADDED from com.digits.sdk.android:digits:1.0.2:16:13
	android:theme
		ADDED from com.digits.sdk.android:digits:1.0.2:20:13
	android:exported
		ADDED from com.digits.sdk.android:digits:1.0.2:18:13
	android:excludeFromRecents
		ADDED from com.digits.sdk.android:digits:1.0.2:17:13
	android:taskAffinity
		ADDED from com.digits.sdk.android:digits:1.0.2:19:13
	android:name
		ADDED from com.digits.sdk.android:digits:1.0.2:15:13
activity#com.digits.sdk.android.ConfirmationCodeActivity
ADDED from com.digits.sdk.android:digits:1.0.2:22:9
	android:windowSoftInputMode
		ADDED from com.digits.sdk.android:digits:1.0.2:29:13
	android:configChanges
		ADDED from com.digits.sdk.android:digits:1.0.2:24:13
	android:theme
		ADDED from com.digits.sdk.android:digits:1.0.2:28:13
	android:exported
		ADDED from com.digits.sdk.android:digits:1.0.2:26:13
	android:excludeFromRecents
		ADDED from com.digits.sdk.android:digits:1.0.2:25:13
	android:taskAffinity
		ADDED from com.digits.sdk.android:digits:1.0.2:27:13
	android:name
		ADDED from com.digits.sdk.android:digits:1.0.2:23:13
activity#com.digits.sdk.android.LoginCodeActivity
ADDED from com.digits.sdk.android:digits:1.0.2:30:9
	android:windowSoftInputMode
		ADDED from com.digits.sdk.android:digits:1.0.2:38:13
	android:configChanges
		ADDED from com.digits.sdk.android:digits:1.0.2:32:13
	android:theme
		ADDED from com.digits.sdk.android:digits:1.0.2:37:13
	android:exported
		ADDED from com.digits.sdk.android:digits:1.0.2:34:13
	android:excludeFromRecents
		ADDED from com.digits.sdk.android:digits:1.0.2:33:13
	android:taskAffinity
		ADDED from com.digits.sdk.android:digits:1.0.2:36:13
	android:name
		ADDED from com.digits.sdk.android:digits:1.0.2:31:13
	android:launchMode
		ADDED from com.digits.sdk.android:digits:1.0.2:35:13
activity#com.digits.sdk.android.TwitterLoginActivity
ADDED from com.digits.sdk.android:digits:1.0.2:39:9
	android:configChanges
		ADDED from com.digits.sdk.android:digits:1.0.2:41:13
	android:theme
		ADDED from com.digits.sdk.android:digits:1.0.2:45:13
	android:exported
		ADDED from com.digits.sdk.android:digits:1.0.2:43:13
	android:excludeFromRecents
		ADDED from com.digits.sdk.android:digits:1.0.2:42:13
	android:taskAffinity
		ADDED from com.digits.sdk.android:digits:1.0.2:44:13
	android:name
		ADDED from com.digits.sdk.android:digits:1.0.2:40:13